<?xml version="1.0" encoding="UTF-8"?>
<testsuite name="com.cdq.validationengine.core.ValidationEngineTest" tests="4" skipped="0" failures="0" errors="0" timestamp="2026-09-20T13:13:19.482Z" hostname="Kamils-MacBook-Pro.local" time="0.013">
  <properties/>
  <testcase name="shouldContinueValidationWhenRecordReadFails()" classname="com.cdq.validationengine.core.ValidationEngineTest" time="0.009"/>
  <testcase name="shouldThrowExceptionWhenRuleIsMissing()" classname="com.cdq.validationengine.core.ValidationEngineTest" time="0.001"/>
  <testcase name="shouldReturnDefaultDecisionWhenRuleValueIsNotMapped()" classname="com.cdq.validationengine.core.ValidationEngineTest" time="0.001"/>
  <testcase name="shouldReturnSummaryWithResultsAndErrorsWhenOneRuleFails()" classname="com.cdq.validationengine.core.ValidationEngineTest" time="0.002"/>
  <system-out><![CDATA[]]></system-out>
  <system-err><![CDATA[]]></system-err>
</testsuite>
